<?xml version="1.0" encoding="UTF-8" ?>
<testsuite tests="33" failures="0" name="com.mycompany.unicafe.KassapaateTest" time="0.016" errors="0" skipped="0">
  <properties>
[...]
</properties>
  <testcase classname="com.mycompany.unicafe.KassapaateTest" name="KateinenMaksuRiittavaEdullinenVaihtoraha" time="0"/>
  <testcase classname="com.mycompany.unicafe.KassapaateTest" name="KorttiMaksuRiittavaEdullinenLounasLkm" time="0"/>
  <testcase classname="com.mycompany.unicafe.KassapaateTest" name="KateinenMaksuEiRiittavaMaukasRahamaara" time="0"/>
  <testcase classname="com.mycompany.unicafe.KassapaateTest" name="KateinenMaksuEiRiittavaEdullinenLkm" time="0"/>
  <testcase classname="com.mycompany.unicafe.KassapaateTest" name="KorttiMaksuEiRiittavaMaukasLounasLkm" time="0"/>
  <testcase classname="com.mycompany.unicafe.KassapaateTest" name="KateinenMaksuRiittavaEdullinenLkm" time="0"/>
  <testcase classname="com.mycompany.unicafe.KassapaateTest" name="KorttiMaksuRiittavaEdullinenBoolean" time="0"/>
  <testcase classname="com.mycompany.unicafe.KassapaateTest" name="KateinenMaksuEiRiittavaMaukasLkm" time="0"/>
  <testcase classname="com.mycompany.unicafe.KassapaateTest" name="KorttiMaksuRiittavaMaukasLounasLkm" time="0"/>
  <testcase classname="com.mycompany.unicafe.KassapaateTest" name="KorttiMaksuEiRiittavaEdullinenLounasLkm" time="0"/>
  <testcase classname="com.mycompany.unicafe.KassapaateTest" name="myydytMaukkaatOikein" time="0"/>
  <testcase classname="com.mycompany.unicafe.KassapaateTest" name="KateinenMaksuEiRiittavaMaukasVaihtoraha" time="0"/>
  <testcase classname="com.mycompany.unicafe.KassapaateTest" name="KorttiMaksuEdullinenKassanRahamaara" time="0"/>
  <testcase classname="com.mycompany.unicafe.KassapaateTest" name="KorttiMaksuMaukasKassanRahamaara" time="0"/>
  <testcase classname="com.mycompany.unicafe.KassapaateTest" name="KorttiMaksuEiRiittavaMaukas" time="0"/>
  <testcase classname="com.mycompany.unicafe.KassapaateTest" name="KateinenMaksuRiittavaMaukasVaihtoraha" time="0"/>
  <testcase classname="com.mycompany.unicafe.KassapaateTest" name="KorttiMaksuRiittavaMaukasBoolean" time="0"/>
  <testcase classname="com.mycompany.unicafe.KassapaateTest" name="myydytEdullisetOikein" time="0"/>
  <testcase classname="com.mycompany.unicafe.KassapaateTest" name="KorttiMaksuEiRiittavaMaukasBoolean" time="0.016"/>
  <testcase classname="com.mycompany.unicafe.KassapaateTest" name="KorttiMaksuEiRiittavaEdullinenBoolean" time="0"/>
  <testcase classname="com.mycompany.unicafe.KassapaateTest" name="KateinenMaksuRiittavaMaukasRahamaara" time="0"/>
  <testcase classname="com.mycompany.unicafe.KassapaateTest" name="KateinenMaksuEiRiittavaEdullinenRahamaara" time="0"/>
  <testcase classname="com.mycompany.unicafe.KassapaateTest" name="KateinenMaksuRiittavaEdullinenRahamaara" time="0"/>
  <testcase classname="com.mycompany.unicafe.KassapaateTest" name="KorttiMaksuRiittavaEdullinen" time="0"/>
  <testcase classname="com.mycompany.unicafe.KassapaateTest" name="KorttiMaksuRiittavaMaukas" time="0"/>
  <testcase classname="com.mycompany.unicafe.KassapaateTest" name="KorttiMaksuEiRiittavaEdullinen" time="0"/>
  <testcase classname="com.mycompany.unicafe.KassapaateTest" name="KateinenMaksuRiittavaMaukasLkm" time="0"/>
  <testcase classname="com.mycompany.unicafe.KassapaateTest" name="KateinenMaksuEiRiittavaEdullinenVaihtoraha" time="0"/>
  <testcase classname="com.mycompany.unicafe.KassapaateTest" name="LataaRahaaKortilleKassanRahamaara" time="0"/>
  <testcase classname="com.mycompany.unicafe.KassapaateTest" name="rahamaaraOikein" time="0"/>
  <testcase classname="com.mycompany.unicafe.KassapaateTest" name="LataaRahaaKortilleNegatiivinenSummaKortti" time="0"/>
  <testcase classname="com.mycompany.unicafe.KassapaateTest" name="LataaRahaaKortilleKortinRahamaara" time="0"/>
  <testcase classname="com.mycompany.unicafe.KassapaateTest" name="LataaRahaaKortilleNegatiivinenSummaKassa" time="0"/>
</testsuite>